<?xml version="1.0" encoding="UTF-8"?>
<testng-results ignored="0" total="2" passed="0" failed="0" skipped="2">
  <reporter-output>
  </reporter-output>
  <suite started-at="2021-06-05T17:44:50 EDT" name="Suite" finished-at="2021-06-05T17:44:56 EDT" duration-ms="5571">
    <groups>
    </groups>
    <test started-at="2021-06-05T17:44:50 EDT" name="Test" finished-at="2021-06-05T17:44:56 EDT" duration-ms="5571">
      <class name="assignment.Mavenn">
        <test-method is-config="true" signature="browser()[pri:0, instance:assignment.Mavenn@769e7ee8]" started-at="2021-06-05T17:44:50 EDT" name="browser" finished-at="2021-06-05T17:44:56 EDT" duration-ms="5508" status="FAIL">
          <exception class="org.openqa.selenium.SessionNotCreatedException">
            <message>
              <![CDATA[session not created: This version of ChromeDriver only supports Chrome version 89
Current browser version is 91.0.4472.77 with binary path C:\Program Files\Google\Chrome\Application\chrome.exe
Build info: version: '3.141.59', revision: 'e82be7d358', time: '2018-11-14T08:17:03'
System info: host: 'LAPTOP-71SFUCUL', ip: '192.168.2.29', os.name: 'Windows 10', os.arch: 'amd64', os.version: '10.0', java.version: '16.0.1'
Driver info: driver.version: ChromeDriver
remote stacktrace: Backtrace:
Ordinal0 [0x00A6E7D3+124883]
Ordinal0 [0x00A6E7B1+124849]
GetHandleVerifier [0x00CB8688+193832]
GetHandleVerifier [0x00CD3AC5+305509]
GetHandleVerifier [0x00CD021B+291003]
GetHandleVerifier [0x00CCE0AC+282444]
GetHandleVerifier [0x00CF4A90+440624]
GetHandleVerifier [0x00CF47FC+439964]
GetHandleVerifier [0x00CF154B+426987]
GetHandleVerifier [0x00CD4FFD+310941]
GetHandleVerifier [0x00CD5D8E+314414]
GetHandleVerifier [0x00CD5D19+314297]
GetHandleVerifier [0x00D931EC+1089676]
GetHandleVerifier [0x00D917C9+1082985]
GetHandleVerifier [0x00D913A3+1081923]
GetHandleVerifier [0x00E8D9FD+2115741]
Ordinal0 [0x00BBB82E+1488942]
Ordinal0 [0x00B55A7D+1071741]
Ordinal0 [0x00B5559B+1070491]
Ordinal0 [0x00B554B1+1070257]
Ordinal0 [0x00B8FF53+1310547]
BaseThreadInitThunk [0x7638FA29+25]
RtlGetAppContainerNamedObjectPath [0x775A7A7E+286]
RtlGetAppContainerNamedObjectPath [0x775A7A4E+238]
]]>
            </message>
            <full-stacktrace>
              <![CDATA[org.openqa.selenium.SessionNotCreatedException: session not created: This version of ChromeDriver only supports Chrome version 89
Current browser version is 91.0.4472.77 with binary path C:\Program Files\Google\Chrome\Application\chrome.exe
Build info: version: '3.141.59', revision: 'e82be7d358', time: '2018-11-14T08:17:03'
System info: host: 'LAPTOP-71SFUCUL', ip: '192.168.2.29', os.name: 'Windows 10', os.arch: 'amd64', os.version: '10.0', java.version: '16.0.1'
Driver info: driver.version: ChromeDriver
remote stacktrace: Backtrace:
Ordinal0 [0x00A6E7D3+124883]
Ordinal0 [0x00A6E7B1+124849]
GetHandleVerifier [0x00CB8688+193832]
GetHandleVerifier [0x00CD3AC5+305509]
GetHandleVerifier [0x00CD021B+291003]
GetHandleVerifier [0x00CCE0AC+282444]
GetHandleVerifier [0x00CF4A90+440624]
GetHandleVerifier [0x00CF47FC+439964]
GetHandleVerifier [0x00CF154B+426987]
GetHandleVerifier [0x00CD4FFD+310941]
GetHandleVerifier [0x00CD5D8E+314414]
GetHandleVerifier [0x00CD5D19+314297]
GetHandleVerifier [0x00D931EC+1089676]
GetHandleVerifier [0x00D917C9+1082985]
GetHandleVerifier [0x00D913A3+1081923]
GetHandleVerifier [0x00E8D9FD+2115741]
Ordinal0 [0x00BBB82E+1488942]
Ordinal0 [0x00B55A7D+1071741]
Ordinal0 [0x00B5559B+1070491]
Ordinal0 [0x00B554B1+1070257]
Ordinal0 [0x00B8FF53+1310547]
BaseThreadInitThunk [0x7638FA29+25]
RtlGetAppContainerNamedObjectPath [0x775A7A7E+286]
RtlGetAppContainerNamedObjectPath [0x775A7A4E+238]

at java.base/jdk.internal.reflect.NativeConstructorAccessorImpl.newInstance0(Native Method)
at java.base/jdk.internal.reflect.NativeConstructorAccessorImpl.newInstance(NativeConstructorAccessorImpl.java:78)
at java.base/jdk.internal.reflect.DelegatingConstructorAccessorImpl.newInstance(DelegatingConstructorAccessorImpl.java:45)
at java.base/java.lang.reflect.Constructor.newInstanceWithCaller(Constructor.java:499)
at java.base/java.lang.reflect.Constructor.newInstance(Constructor.java:480)
at org.openqa.selenium.remote.W3CHandshakeResponse.lambda$errorHandler$0(W3CHandshakeResponse.java:62)
at org.openqa.selenium.remote.HandshakeResponse.lambda$getResponseFunction$0(HandshakeResponse.java:30)
at org.openqa.selenium.remote.ProtocolHandshake.lambda$createSession$0(ProtocolHandshake.java:126)
at java.base/java.util.stream.ReferencePipeline$3$1.accept(ReferencePipeline.java:197)
at java.base/java.util.Spliterators$ArraySpliterator.tryAdvance(Spliterators.java:958)
at java.base/java.util.stream.ReferencePipeline.forEachWithCancel(ReferencePipeline.java:129)
at java.base/java.util.stream.AbstractPipeline.copyIntoWithCancel(AbstractPipeline.java:502)
at java.base/java.util.stream.AbstractPipeline.copyInto(AbstractPipeline.java:488)
at java.base/java.util.stream.AbstractPipeline.wrapAndCopyInto(AbstractPipeline.java:474)
at java.base/java.util.stream.FindOps$FindOp.evaluateSequential(FindOps.java:150)
at java.base/java.util.stream.AbstractPipeline.evaluate(AbstractPipeline.java:234)
at java.base/java.util.stream.ReferencePipeline.findFirst(ReferencePipeline.java:647)
at org.openqa.selenium.remote.ProtocolHandshake.createSession(ProtocolHandshake.java:128)
at org.openqa.selenium.remote.ProtocolHandshake.createSession(ProtocolHandshake.java:74)
at org.openqa.selenium.remote.HttpCommandExecutor.execute(HttpCommandExecutor.java:136)
at org.openqa.selenium.remote.service.DriverCommandExecutor.execute(DriverCommandExecutor.java:83)
at org.openqa.selenium.remote.RemoteWebDriver.execute(RemoteWebDriver.java:552)
at org.openqa.selenium.remote.RemoteWebDriver.startSession(RemoteWebDriver.java:213)
at org.openqa.selenium.remote.RemoteWebDriver.<init>(RemoteWebDriver.java:131)
at org.openqa.selenium.chrome.ChromeDriver.<init>(ChromeDriver.java:181)
at org.openqa.selenium.chrome.ChromeDriver.<init>(ChromeDriver.java:168)
at org.openqa.selenium.chrome.ChromeDriver.<init>(ChromeDriver.java:123)
at assignment.Mavenn.browser(Mavenn.java:21)
at java.base/jdk.internal.reflect.NativeMethodAccessorImpl.invoke0(Native Method)
at java.base/jdk.internal.reflect.NativeMethodAccessorImpl.invoke(NativeMethodAccessorImpl.java:78)
at java.base/jdk.internal.reflect.DelegatingMethodAccessorImpl.invoke(DelegatingMethodAccessorImpl.java:43)
at java.base/java.lang.reflect.Method.invoke(Method.java:567)
at org.testng.internal.MethodInvocationHelper.invokeMethod(MethodInvocationHelper.java:132)
at org.testng.internal.MethodInvocationHelper.invokeMethodConsideringTimeout(MethodInvocationHelper.java:61)
at org.testng.internal.ConfigInvoker.invokeConfigurationMethod(ConfigInvoker.java:366)
at org.testng.internal.ConfigInvoker.invokeConfigurations(ConfigInvoker.java:320)
at org.testng.TestRunner.invokeTestConfigurations(TestRunner.java:617)
at org.testng.TestRunner.beforeRun(TestRunner.java:607)
at org.testng.TestRunner.run(TestRunner.java:578)
at org.testng.SuiteRunner.runTest(SuiteRunner.java:384)
at org.testng.SuiteRunner.runSequentially(SuiteRunner.java:378)
at org.testng.SuiteRunner.privateRun(SuiteRunner.java:337)
at org.testng.SuiteRunner.run(SuiteRunner.java:286)
at org.testng.SuiteRunnerWorker.runSuite(SuiteRunnerWorker.java:53)
at org.testng.SuiteRunnerWorker.run(SuiteRunnerWorker.java:96)
at org.testng.TestNG.runSuitesSequentially(TestNG.java:1218)
at org.testng.TestNG.runSuitesLocally(TestNG.java:1140)
at org.testng.TestNG.runSuites(TestNG.java:1069)
at org.testng.TestNG.run(TestNG.java:1037)
at org.testng.remote.AbstractRemoteTestNG.run(AbstractRemoteTestNG.java:115)
at org.testng.remote.RemoteTestNG.initAndRun(RemoteTestNG.java:251)
at org.testng.remote.RemoteTestNG.main(RemoteTestNG.java:77)
]]>
            </full-stacktrace>
          </exception> <!-- org.openqa.selenium.SessionNotCreatedException -->
          <reporter-output>
          </reporter-output>
        </test-method> <!-- browser -->
        <test-method signature="enterword(java.lang.String)[pri:0, instance:assignment.Mavenn@769e7ee8]" started-at="2021-06-05T17:44:56 EDT" name="enterword" finished-at="2021-06-05T17:44:56 EDT" duration-ms="0" status="SKIP">
          <params>
            <param index="0">
              <value>
                <![CDATA[java programming]]>
              </value>
            </param>
          </params>
          <exception class="org.openqa.selenium.SessionNotCreatedException">
            <message>
              <![CDATA[session not created: This version of ChromeDriver only supports Chrome version 89
Current browser version is 91.0.4472.77 with binary path C:\Program Files\Google\Chrome\Application\chrome.exe
Build info: version: '3.141.59', revision: 'e82be7d358', time: '2018-11-14T08:17:03'
System info: host: 'LAPTOP-71SFUCUL', ip: '192.168.2.29', os.name: 'Windows 10', os.arch: 'amd64', os.version: '10.0', java.version: '16.0.1'
Driver info: driver.version: ChromeDriver
remote stacktrace: Backtrace:
Ordinal0 [0x00A6E7D3+124883]
Ordinal0 [0x00A6E7B1+124849]
GetHandleVerifier [0x00CB8688+193832]
GetHandleVerifier [0x00CD3AC5+305509]
GetHandleVerifier [0x00CD021B+291003]
GetHandleVerifier [0x00CCE0AC+282444]
GetHandleVerifier [0x00CF4A90+440624]
GetHandleVerifier [0x00CF47FC+439964]
GetHandleVerifier [0x00CF154B+426987]
GetHandleVerifier [0x00CD4FFD+310941]
GetHandleVerifier [0x00CD5D8E+314414]
GetHandleVerifier [0x00CD5D19+314297]
GetHandleVerifier [0x00D931EC+1089676]
GetHandleVerifier [0x00D917C9+1082985]
GetHandleVerifier [0x00D913A3+1081923]
GetHandleVerifier [0x00E8D9FD+2115741]
Ordinal0 [0x00BBB82E+1488942]
Ordinal0 [0x00B55A7D+1071741]
Ordinal0 [0x00B5559B+1070491]
Ordinal0 [0x00B554B1+1070257]
Ordinal0 [0x00B8FF53+1310547]
BaseThreadInitThunk [0x7638FA29+25]
RtlGetAppContainerNamedObjectPath [0x775A7A7E+286]
RtlGetAppContainerNamedObjectPath [0x775A7A4E+238]
]]>
            </message>
            <full-stacktrace>
              <![CDATA[org.openqa.selenium.SessionNotCreatedException: session not created: This version of ChromeDriver only supports Chrome version 89
Current browser version is 91.0.4472.77 with binary path C:\Program Files\Google\Chrome\Application\chrome.exe
Build info: version: '3.141.59', revision: 'e82be7d358', time: '2018-11-14T08:17:03'
System info: host: 'LAPTOP-71SFUCUL', ip: '192.168.2.29', os.name: 'Windows 10', os.arch: 'amd64', os.version: '10.0', java.version: '16.0.1'
Driver info: driver.version: ChromeDriver
remote stacktrace: Backtrace:
Ordinal0 [0x00A6E7D3+124883]
Ordinal0 [0x00A6E7B1+124849]
GetHandleVerifier [0x00CB8688+193832]
GetHandleVerifier [0x00CD3AC5+305509]
GetHandleVerifier [0x00CD021B+291003]
GetHandleVerifier [0x00CCE0AC+282444]
GetHandleVerifier [0x00CF4A90+440624]
GetHandleVerifier [0x00CF47FC+439964]
GetHandleVerifier [0x00CF154B+426987]
GetHandleVerifier [0x00CD4FFD+310941]
GetHandleVerifier [0x00CD5D8E+314414]
GetHandleVerifier [0x00CD5D19+314297]
GetHandleVerifier [0x00D931EC+1089676]
GetHandleVerifier [0x00D917C9+1082985]
GetHandleVerifier [0x00D913A3+1081923]
GetHandleVerifier [0x00E8D9FD+2115741]
Ordinal0 [0x00BBB82E+1488942]
Ordinal0 [0x00B55A7D+1071741]
Ordinal0 [0x00B5559B+1070491]
Ordinal0 [0x00B554B1+1070257]
Ordinal0 [0x00B8FF53+1310547]
BaseThreadInitThunk [0x7638FA29+25]
RtlGetAppContainerNamedObjectPath [0x775A7A7E+286]
RtlGetAppContainerNamedObjectPath [0x775A7A4E+238]

at java.base/jdk.internal.reflect.NativeConstructorAccessorImpl.newInstance0(Native Method)
at java.base/jdk.internal.reflect.NativeConstructorAccessorImpl.newInstance(NativeConstructorAccessorImpl.java:78)
at java.base/jdk.internal.reflect.DelegatingConstructorAccessorImpl.newInstance(DelegatingConstructorAccessorImpl.java:45)
at java.base/java.lang.reflect.Constructor.newInstanceWithCaller(Constructor.java:499)
at java.base/java.lang.reflect.Constructor.newInstance(Constructor.java:480)
at org.openqa.selenium.remote.W3CHandshakeResponse.lambda$errorHandler$0(W3CHandshakeResponse.java:62)
at org.openqa.selenium.remote.HandshakeResponse.lambda$getResponseFunction$0(HandshakeResponse.java:30)
at org.openqa.selenium.remote.ProtocolHandshake.lambda$createSession$0(ProtocolHandshake.java:126)
at java.base/java.util.stream.ReferencePipeline$3$1.accept(ReferencePipeline.java:197)
at java.base/java.util.Spliterators$ArraySpliterator.tryAdvance(Spliterators.java:958)
at java.base/java.util.stream.ReferencePipeline.forEachWithCancel(ReferencePipeline.java:129)
at java.base/java.util.stream.AbstractPipeline.copyIntoWithCancel(AbstractPipeline.java:502)
at java.base/java.util.stream.AbstractPipeline.copyInto(AbstractPipeline.java:488)
at java.base/java.util.stream.AbstractPipeline.wrapAndCopyInto(AbstractPipeline.java:474)
at java.base/java.util.stream.FindOps$FindOp.evaluateSequential(FindOps.java:150)
at java.base/java.util.stream.AbstractPipeline.evaluate(AbstractPipeline.java:234)
at java.base/java.util.stream.ReferencePipeline.findFirst(ReferencePipeline.java:647)
at org.openqa.selenium.remote.ProtocolHandshake.createSession(ProtocolHandshake.java:128)
at org.openqa.selenium.remote.ProtocolHandshake.createSession(ProtocolHandshake.java:74)
at org.openqa.selenium.remote.HttpCommandExecutor.execute(HttpCommandExecutor.java:136)
at org.openqa.selenium.remote.service.DriverCommandExecutor.execute(DriverCommandExecutor.java:83)
at org.openqa.selenium.remote.RemoteWebDriver.execute(RemoteWebDriver.java:552)
at org.openqa.selenium.remote.RemoteWebDriver.startSession(RemoteWebDriver.java:213)
at org.openqa.selenium.remote.RemoteWebDriver.<init>(RemoteWebDriver.java:131)
at org.openqa.selenium.chrome.ChromeDriver.<init>(ChromeDriver.java:181)
at org.openqa.selenium.chrome.ChromeDriver.<init>(ChromeDriver.java:168)
at org.openqa.selenium.chrome.ChromeDriver.<init>(ChromeDriver.java:123)
at assignment.Mavenn.browser(Mavenn.java:21)
at java.base/jdk.internal.reflect.NativeMethodAccessorImpl.invoke0(Native Method)
at java.base/jdk.internal.reflect.NativeMethodAccessorImpl.invoke(NativeMethodAccessorImpl.java:78)
at java.base/jdk.internal.reflect.DelegatingMethodAccessorImpl.invoke(DelegatingMethodAccessorImpl.java:43)
at java.base/java.lang.reflect.Method.invoke(Method.java:567)
at org.testng.internal.MethodInvocationHelper.invokeMethod(MethodInvocationHelper.java:132)
at org.testng.internal.MethodInvocationHelper.invokeMethodConsideringTimeout(MethodInvocationHelper.java:61)
at org.testng.internal.ConfigInvoker.invokeConfigurationMethod(ConfigInvoker.java:366)
at org.testng.internal.ConfigInvoker.invokeConfigurations(ConfigInvoker.java:320)
at org.testng.TestRunner.invokeTestConfigurations(TestRunner.java:617)
at org.testng.TestRunner.beforeRun(TestRunner.java:607)
at org.testng.TestRunner.run(TestRunner.java:578)
at org.testng.SuiteRunner.runTest(SuiteRunner.java:384)
at org.testng.SuiteRunner.runSequentially(SuiteRunner.java:378)
at org.testng.SuiteRunner.privateRun(SuiteRunner.java:337)
at org.testng.SuiteRunner.run(SuiteRunner.java:286)
at org.testng.SuiteRunnerWorker.runSuite(SuiteRunnerWorker.java:53)
at org.testng.SuiteRunnerWorker.run(SuiteRunnerWorker.java:96)
at org.testng.TestNG.runSuitesSequentially(TestNG.java:1218)
at org.testng.TestNG.runSuitesLocally(TestNG.java:1140)
at org.testng.TestNG.runSuites(TestNG.java:1069)
at org.testng.TestNG.run(TestNG.java:1037)
at org.testng.remote.AbstractRemoteTestNG.run(AbstractRemoteTestNG.java:115)
at org.testng.remote.RemoteTestNG.initAndRun(RemoteTestNG.java:251)
at org.testng.remote.RemoteTestNG.main(RemoteTestNG.java:77)
]]>
            </full-stacktrace>
          </exception> <!-- org.openqa.selenium.SessionNotCreatedException -->
          <reporter-output>
          </reporter-output>
        </test-method> <!-- enterword -->
        <test-method signature="verifytitle()[pri:0, instance:assignment.Mavenn@769e7ee8]" started-at="2021-06-05T17:44:56 EDT" name="verifytitle" finished-at="2021-06-05T17:44:56 EDT" duration-ms="0" status="SKIP">
          <exception class="org.openqa.selenium.SessionNotCreatedException">
            <message>
              <![CDATA[session not created: This version of ChromeDriver only supports Chrome version 89
Current browser version is 91.0.4472.77 with binary path C:\Program Files\Google\Chrome\Application\chrome.exe
Build info: version: '3.141.59', revision: 'e82be7d358', time: '2018-11-14T08:17:03'
System info: host: 'LAPTOP-71SFUCUL', ip: '192.168.2.29', os.name: 'Windows 10', os.arch: 'amd64', os.version: '10.0', java.version: '16.0.1'
Driver info: driver.version: ChromeDriver
remote stacktrace: Backtrace:
Ordinal0 [0x00A6E7D3+124883]
Ordinal0 [0x00A6E7B1+124849]
GetHandleVerifier [0x00CB8688+193832]
GetHandleVerifier [0x00CD3AC5+305509]
GetHandleVerifier [0x00CD021B+291003]
GetHandleVerifier [0x00CCE0AC+282444]
GetHandleVerifier [0x00CF4A90+440624]
GetHandleVerifier [0x00CF47FC+439964]
GetHandleVerifier [0x00CF154B+426987]
GetHandleVerifier [0x00CD4FFD+310941]
GetHandleVerifier [0x00CD5D8E+314414]
GetHandleVerifier [0x00CD5D19+314297]
GetHandleVerifier [0x00D931EC+1089676]
GetHandleVerifier [0x00D917C9+1082985]
GetHandleVerifier [0x00D913A3+1081923]
GetHandleVerifier [0x00E8D9FD+2115741]
Ordinal0 [0x00BBB82E+1488942]
Ordinal0 [0x00B55A7D+1071741]
Ordinal0 [0x00B5559B+1070491]
Ordinal0 [0x00B554B1+1070257]
Ordinal0 [0x00B8FF53+1310547]
BaseThreadInitThunk [0x7638FA29+25]
RtlGetAppContainerNamedObjectPath [0x775A7A7E+286]
RtlGetAppContainerNamedObjectPath [0x775A7A4E+238]
]]>
            </message>
            <full-stacktrace>
              <![CDATA[org.openqa.selenium.SessionNotCreatedException: session not created: This version of ChromeDriver only supports Chrome version 89
Current browser version is 91.0.4472.77 with binary path C:\Program Files\Google\Chrome\Application\chrome.exe
Build info: version: '3.141.59', revision: 'e82be7d358', time: '2018-11-14T08:17:03'
System info: host: 'LAPTOP-71SFUCUL', ip: '192.168.2.29', os.name: 'Windows 10', os.arch: 'amd64', os.version: '10.0', java.version: '16.0.1'
Driver info: driver.version: ChromeDriver
remote stacktrace: Backtrace:
Ordinal0 [0x00A6E7D3+124883]
Ordinal0 [0x00A6E7B1+124849]
GetHandleVerifier [0x00CB8688+193832]
GetHandleVerifier [0x00CD3AC5+305509]
GetHandleVerifier [0x00CD021B+291003]
GetHandleVerifier [0x00CCE0AC+282444]
GetHandleVerifier [0x00CF4A90+440624]
GetHandleVerifier [0x00CF47FC+439964]
GetHandleVerifier [0x00CF154B+426987]
GetHandleVerifier [0x00CD4FFD+310941]
GetHandleVerifier [0x00CD5D8E+314414]
GetHandleVerifier [0x00CD5D19+314297]
GetHandleVerifier [0x00D931EC+1089676]
GetHandleVerifier [0x00D917C9+1082985]
GetHandleVerifier [0x00D913A3+1081923]
GetHandleVerifier [0x00E8D9FD+2115741]
Ordinal0 [0x00BBB82E+1488942]
Ordinal0 [0x00B55A7D+1071741]
Ordinal0 [0x00B5559B+1070491]
Ordinal0 [0x00B554B1+1070257]
Ordinal0 [0x00B8FF53+1310547]
BaseThreadInitThunk [0x7638FA29+25]
RtlGetAppContainerNamedObjectPath [0x775A7A7E+286]
RtlGetAppContainerNamedObjectPath [0x775A7A4E+238]

at java.base/jdk.internal.reflect.NativeConstructorAccessorImpl.newInstance0(Native Method)
at java.base/jdk.internal.reflect.NativeConstructorAccessorImpl.newInstance(NativeConstructorAccessorImpl.java:78)
at java.base/jdk.internal.reflect.DelegatingConstructorAccessorImpl.newInstance(DelegatingConstructorAccessorImpl.java:45)
at java.base/java.lang.reflect.Constructor.newInstanceWithCaller(Constructor.java:499)
at java.base/java.lang.reflect.Constructor.newInstance(Constructor.java:480)
at org.openqa.selenium.remote.W3CHandshakeResponse.lambda$errorHandler$0(W3CHandshakeResponse.java:62)
at org.openqa.selenium.remote.HandshakeResponse.lambda$getResponseFunction$0(HandshakeResponse.java:30)
at org.openqa.selenium.remote.ProtocolHandshake.lambda$createSession$0(ProtocolHandshake.java:126)
at java.base/java.util.stream.ReferencePipeline$3$1.accept(ReferencePipeline.java:197)
at java.base/java.util.Spliterators$ArraySpliterator.tryAdvance(Spliterators.java:958)
at java.base/java.util.stream.ReferencePipeline.forEachWithCancel(ReferencePipeline.java:129)
at java.base/java.util.stream.AbstractPipeline.copyIntoWithCancel(AbstractPipeline.java:502)
at java.base/java.util.stream.AbstractPipeline.copyInto(AbstractPipeline.java:488)
at java.base/java.util.stream.AbstractPipeline.wrapAndCopyInto(AbstractPipeline.java:474)
at java.base/java.util.stream.FindOps$FindOp.evaluateSequential(FindOps.java:150)
at java.base/java.util.stream.AbstractPipeline.evaluate(AbstractPipeline.java:234)
at java.base/java.util.stream.ReferencePipeline.findFirst(ReferencePipeline.java:647)
at org.openqa.selenium.remote.ProtocolHandshake.createSession(ProtocolHandshake.java:128)
at org.openqa.selenium.remote.ProtocolHandshake.createSession(ProtocolHandshake.java:74)
at org.openqa.selenium.remote.HttpCommandExecutor.execute(HttpCommandExecutor.java:136)
at org.openqa.selenium.remote.service.DriverCommandExecutor.execute(DriverCommandExecutor.java:83)
at org.openqa.selenium.remote.RemoteWebDriver.execute(RemoteWebDriver.java:552)
at org.openqa.selenium.remote.RemoteWebDriver.startSession(RemoteWebDriver.java:213)
at org.openqa.selenium.remote.RemoteWebDriver.<init>(RemoteWebDriver.java:131)
at org.openqa.selenium.chrome.ChromeDriver.<init>(ChromeDriver.java:181)
at org.openqa.selenium.chrome.ChromeDriver.<init>(ChromeDriver.java:168)
at org.openqa.selenium.chrome.ChromeDriver.<init>(ChromeDriver.java:123)
at assignment.Mavenn.browser(Mavenn.java:21)
at java.base/jdk.internal.reflect.NativeMethodAccessorImpl.invoke0(Native Method)
at java.base/jdk.internal.reflect.NativeMethodAccessorImpl.invoke(NativeMethodAccessorImpl.java:78)
at java.base/jdk.internal.reflect.DelegatingMethodAccessorImpl.invoke(DelegatingMethodAccessorImpl.java:43)
at java.base/java.lang.reflect.Method.invoke(Method.java:567)
at org.testng.internal.MethodInvocationHelper.invokeMethod(MethodInvocationHelper.java:132)
at org.testng.internal.MethodInvocationHelper.invokeMethodConsideringTimeout(MethodInvocationHelper.java:61)
at org.testng.internal.ConfigInvoker.invokeConfigurationMethod(ConfigInvoker.java:366)
at org.testng.internal.ConfigInvoker.invokeConfigurations(ConfigInvoker.java:320)
at org.testng.TestRunner.invokeTestConfigurations(TestRunner.java:617)
at org.testng.TestRunner.beforeRun(TestRunner.java:607)
at org.testng.TestRunner.run(TestRunner.java:578)
at org.testng.SuiteRunner.runTest(SuiteRunner.java:384)
at org.testng.SuiteRunner.runSequentially(SuiteRunner.java:378)
at org.testng.SuiteRunner.privateRun(SuiteRunner.java:337)
at org.testng.SuiteRunner.run(SuiteRunner.java:286)
at org.testng.SuiteRunnerWorker.runSuite(SuiteRunnerWorker.java:53)
at org.testng.SuiteRunnerWorker.run(SuiteRunnerWorker.java:96)
at org.testng.TestNG.runSuitesSequentially(TestNG.java:1218)
at org.testng.TestNG.runSuitesLocally(TestNG.java:1140)
at org.testng.TestNG.runSuites(TestNG.java:1069)
at org.testng.TestNG.run(TestNG.java:1037)
at org.testng.remote.AbstractRemoteTestNG.run(AbstractRemoteTestNG.java:115)
at org.testng.remote.RemoteTestNG.initAndRun(RemoteTestNG.java:251)
at org.testng.remote.RemoteTestNG.main(RemoteTestNG.java:77)
]]>
            </full-stacktrace>
          </exception> <!-- org.openqa.selenium.SessionNotCreatedException -->
          <reporter-output>
          </reporter-output>
        </test-method> <!-- verifytitle -->
      </class> <!-- assignment.Mavenn -->
    </test> <!-- Test -->
  </suite> <!-- Suite -->
</testng-results>
