<?xml version="1.0" encoding="UTF-8"?>
<!-- Generated by org.testng.reporters.JUnitXMLReporter -->
<testsuite ignored="0" hostname="LAPTOP-71SFUCUL" failures="0" tests="2" name="Test" time="5.571" errors="0" timestamp="2021-06-05T17:44:56 EDT">
  <testcase classname="assignment.Mavenn" name="@BeforeTest browser" time="5.508">
    <failure type="org.openqa.selenium.SessionNotCreatedException" message="session not created: This version of ChromeDriver only supports Chrome version 89
Current browser version is 91.0.4472.77 with binary path C:\Program Files\Google\Chrome\Application\chrome.exe
Build info: version: &amp;apos;3.141.59&amp;apos;, revision: &amp;apos;e82be7d358&amp;apos;, time: &amp;apos;2018-11-14T08:17:03&amp;apos;
System info: host: &amp;apos;LAPTOP-71SFUCUL&amp;apos;, ip: &amp;apos;192.168.2.29&amp;apos;, os.name: &amp;apos;Windows 10&amp;apos;, os.arch: &amp;apos;amd64&amp;apos;, os.version: &amp;apos;10.0&amp;apos;, java.version: &amp;apos;16.0.1&amp;apos;
Driver info: driver.version: ChromeDriver
remote stacktrace: Backtrace:
	Ordinal0 [0x00A6E7D3+124883]
	Ordinal0 [0x00A6E7B1+124849]
	GetHandleVerifier [0x00CB8688+193832]
	GetHandleVerifier [0x00CD3AC5+305509]
	GetHandleVerifier [0x00CD021B+291003]
	GetHandleVerifier [0x00CCE0AC+282444]
	GetHandleVerifier [0x00CF4A90+440624]
	GetHandleVerifier [0x00CF47FC+439964]
	GetHandleVerifier [0x00CF154B+426987]
	GetHandleVerifier [0x00CD4FFD+310941]
	GetHandleVerifier [0x00CD5D8E+314414]
	GetHandleVerifier [0x00CD5D19+314297]
	GetHandleVerifier [0x00D931EC+1089676]
	GetHandleVerifier [0x00D917C9+1082985]
	GetHandleVerifier [0x00D913A3+1081923]
	GetHandleVerifier [0x00E8D9FD+2115741]
	Ordinal0 [0x00BBB82E+1488942]
	Ordinal0 [0x00B55A7D+1071741]
	Ordinal0 [0x00B5559B+1070491]
	Ordinal0 [0x00B554B1+1070257]
	Ordinal0 [0x00B8FF53+1310547]
	BaseThreadInitThunk [0x7638FA29+25]
	RtlGetAppContainerNamedObjectPath [0x775A7A7E+286]
	RtlGetAppContainerNamedObjectPath [0x775A7A4E+238]
">
      <![CDATA[org.openqa.selenium.SessionNotCreatedException: session not created: This version of ChromeDriver only supports Chrome version 89
Current browser version is 91.0.4472.77 with binary path C:\Program Files\Google\Chrome\Application\chrome.exe
Build info: version: '3.141.59', revision: 'e82be7d358', time: '2018-11-14T08:17:03'
System info: host: 'LAPTOP-71SFUCUL', ip: '192.168.2.29', os.name: 'Windows 10', os.arch: 'amd64', os.version: '10.0', java.version: '16.0.1'
Driver info: driver.version: ChromeDriver
remote stacktrace: Backtrace:
Ordinal0 [0x00A6E7D3+124883]
Ordinal0 [0x00A6E7B1+124849]
GetHandleVerifier [0x00CB8688+193832]
GetHandleVerifier [0x00CD3AC5+305509]
GetHandleVerifier [0x00CD021B+291003]
GetHandleVerifier [0x00CCE0AC+282444]
GetHandleVerifier [0x00CF4A90+440624]
GetHandleVerifier [0x00CF47FC+439964]
GetHandleVerifier [0x00CF154B+426987]
GetHandleVerifier [0x00CD4FFD+310941]
GetHandleVerifier [0x00CD5D8E+314414]
GetHandleVerifier [0x00CD5D19+314297]
GetHandleVerifier [0x00D931EC+1089676]
GetHandleVerifier [0x00D917C9+1082985]
GetHandleVerifier [0x00D913A3+1081923]
GetHandleVerifier [0x00E8D9FD+2115741]
Ordinal0 [0x00BBB82E+1488942]
Ordinal0 [0x00B55A7D+1071741]
Ordinal0 [0x00B5559B+1070491]
Ordinal0 [0x00B554B1+1070257]
Ordinal0 [0x00B8FF53+1310547]
BaseThreadInitThunk [0x7638FA29+25]
RtlGetAppContainerNamedObjectPath [0x775A7A7E+286]
RtlGetAppContainerNamedObjectPath [0x775A7A4E+238]

at org.openqa.selenium.remote.W3CHandshakeResponse.lambda$errorHandler$0(W3CHandshakeResponse.java:62)
at org.openqa.selenium.remote.HandshakeResponse.lambda$getResponseFunction$0(HandshakeResponse.java:30)
at org.openqa.selenium.remote.ProtocolHandshake.lambda$createSession$0(ProtocolHandshake.java:126)
at java.base/java.util.stream.ReferencePipeline$3$1.accept(ReferencePipeline.java:197)
at java.base/java.util.Spliterators$ArraySpliterator.tryAdvance(Spliterators.java:958)
at java.base/java.util.stream.ReferencePipeline.forEachWithCancel(ReferencePipeline.java:129)
at java.base/java.util.stream.AbstractPipeline.copyIntoWithCancel(AbstractPipeline.java:502)
at java.base/java.util.stream.AbstractPipeline.copyInto(AbstractPipeline.java:488)
at java.base/java.util.stream.AbstractPipeline.wrapAndCopyInto(AbstractPipeline.java:474)
at java.base/java.util.stream.FindOps$FindOp.evaluateSequential(FindOps.java:150)
at java.base/java.util.stream.AbstractPipeline.evaluate(AbstractPipeline.java:234)
at java.base/java.util.stream.ReferencePipeline.findFirst(ReferencePipeline.java:647)
at org.openqa.selenium.remote.ProtocolHandshake.createSession(ProtocolHandshake.java:128)
at org.openqa.selenium.remote.ProtocolHandshake.createSession(ProtocolHandshake.java:74)
at org.openqa.selenium.remote.HttpCommandExecutor.execute(HttpCommandExecutor.java:136)
at org.openqa.selenium.remote.service.DriverCommandExecutor.execute(DriverCommandExecutor.java:83)
at org.openqa.selenium.remote.RemoteWebDriver.execute(RemoteWebDriver.java:552)
at org.openqa.selenium.remote.RemoteWebDriver.startSession(RemoteWebDriver.java:213)
at org.openqa.selenium.remote.RemoteWebDriver.<init>(RemoteWebDriver.java:131)
at org.openqa.selenium.chrome.ChromeDriver.<init>(ChromeDriver.java:181)
at org.openqa.selenium.chrome.ChromeDriver.<init>(ChromeDriver.java:168)
at org.openqa.selenium.chrome.ChromeDriver.<init>(ChromeDriver.java:123)
at assignment.Mavenn.browser(Mavenn.java:21)
... Removed 29 stack frames]]>
    </failure>
  </testcase> <!-- @BeforeTest browser -->
  <testcase classname="assignment.Mavenn" name="enterword" time="0.0">
    <skipped/>
  </testcase> <!-- enterword -->
  <testcase classname="assignment.Mavenn" name="verifytitle" time="0.0">
    <skipped/>
  </testcase> <!-- verifytitle -->
</testsuite> <!-- Test -->
